0 verbose cli /Users/shravan/Library/Caches/hermit/pkg/node-24.14.0/bin/node /Users/shravan/Library/Caches/hermit/pkg/node-24.14.0/bin/npm
1 info using npm@11.9.0
2 info using node@v24.14.0
3 silly config load:file:/Users/shravan/Library/Caches/hermit/pkg/node-24.14.0/lib/node_modules/npm/npmrc
4 silly config load:file:/Users/shravan/Development/shravan097.github.io/.npmrc
5 silly config load:file:/Users/shravan/.npmrc
6 silly config load:file:/Users/shravan/Development/shravan097.github.io/.hermit/node/etc/npmrc
7 verbose title npm run develop
8 verbose argv "run" "develop"
9 verbose logfile logs-max:10 dir:/Users/shravan/Development/shravan097.github.io/.hermit/node/cache/_logs/2026-03-05T01_37_06_633Z-
10 verbose logfile /Users/shravan/Development/shravan097.github.io/.hermit/node/cache/_logs/2026-03-05T01_37_06_633Z-debug-0.log
11 silly logfile done cleaning log files
12 http fetch GET 200 https://registry.npmjs.org/npm 262ms
13 verbose cwd /Users/shravan/Development/shravan097.github.io
14 verbose os Darwin 25.3.0
15 verbose node v24.14.0
16 verbose npm  v11.9.0
17 notice
17 notice New [33mminor[39m version of npm available! [33m11.9.0[39m -> [34m11.11.0[39m
17 notice Changelog: [34mhttps://github.com/npm/cli/releases/tag/v11.11.0[39m
17 notice To update run: [4mnpm install -g npm@11.11.0[24m
17 notice  { force: true, Symbol(proc-log.meta): true }
18 verbose exit 1
19 verbose code 1
